#-----------------------------------------------------------
# updatemem v2022.2 (64-bit)
# SW Build 3671981 on Fri Oct 14 05:00:03 MDT 2022
# 
# Start of session at: Thu Aug 17 16:18:15 2023
# Process ID: 7856
# Current directory: C:/Users/Miron/Desktop/szakdogaprogramok/07-uart
# Command line: updatemem.exe -mode batch -source C:/Xilinx/Vitis/2022.2/scripts/updatemem/main.tcl -notrace -tclargs -meminfo C:/Users/Miron/Desktop/szakdogaprogramok/07-uart/07-uart.vitis/uart_app/_ide/bitstream/design_1_wrapper.mmi -data C:/Xilinx/Vitis/2022.2/data/embeddedsw/lib/microblaze/mb_bootloop_le.elf -proc design_1_i/microblaze_0 -bit C:/Users/Miron/Desktop/szakdogaprogramok/07-uart/07-uart.vitis/uart_app/_ide/bitstream/design_1_wrapper.bit -out C:/Users/Miron/Desktop/szakdogaprogramok/07-uart/07-uart.vitis/uart_app/_ide/bitstream/download.bit -force
# Log file: C:/Users/Miron/Desktop/szakdogaprogramok/07-uart/updatemem.log
# Journal file: C:/Users/Miron/Desktop/szakdogaprogramok/07-uart\updatemem.jou
# Running On: DESKTOP-8OB9B80, OS: Windows, CPU Frequency: 3200 MHz, CPU Physical cores: 4, Host memory: 17114 MB
#-----------------------------------------------------------
source C:/Xilinx/Vitis/2022.2/scripts/updatemem/main.tcl -notrace
Command: update_mem -meminfo C:/Users/Miron/Desktop/szakdogaprogramok/07-uart/07-uart.vitis/uart_app/_ide/bitstream/design_1_wrapper.mmi -data C:/Xilinx/Vitis/2022.2/data/embeddedsw/lib/microblaze/mb_bootloop_le.elf -proc design_1_i/microblaze_0 -bit C:/Users/Miron/Desktop/szakdogaprogramok/07-uart/07-uart.vitis/uart_app/_ide/bitstream/design_1_wrapper.bit -out C:/Users/Miron/Desktop/szakdogaprogramok/07-uart/07-uart.vitis/uart_app/_ide/bitstream/download.bit -force
Loading bitfile C:/Users/Miron/Desktop/szakdogaprogramok/07-uart/07-uart.vitis/uart_app/_ide/bitstream/design_1_wrapper.bit
Loading data files...
Updating memory content...
Creating bitstream...
Writing bitstream C:/Users/Miron/Desktop/szakdogaprogramok/07-uart/07-uart.vitis/uart_app/_ide/bitstream/download.bit...
0 Infos, 0 Warnings, 0 Critical Warnings and 0 Errors encountered.
update_mem completed successfully
update_mem: Time (s): cpu = 00:00:16 ; elapsed = 00:00:17 . Memory (MB): peak = 1560.703 ; gain = 1472.316
INFO: [Common 17-206] Exiting updatemem at Thu Aug 17 16:18:32 2023...
