#-----------------------------------------------------------
# Vivado v2022.2 (64-bit)
# SW Build 3671981 on Fri Oct 14 05:00:03 MDT 2022
# IP Build 3669848 on Fri Oct 14 08:30:02 MDT 2022
# Start of session at: Wed Aug 16 15:31:52 2023
# Process ID: 17648
# Current directory: C:/Users/Biboy/Desktop/szakdogaprogramok/07-uart
# Command line: vivado.exe -gui_launcher_event rodinguilauncherevent6320 C:\Users\Biboy\Desktop\szakdogaprogramok\07-uart\07-uart.xpr
# Log file: C:/Users/Biboy/Desktop/szakdogaprogramok/07-uart/vivado.log
# Journal file: C:/Users/Biboy/Desktop/szakdogaprogramok/07-uart\vivado.jou
# Running On: DESKTOP-8J7VUCC, OS: Windows, CPU Frequency: 2995 MHz, CPU Physical cores: 2, Host memory: 8256 MB
#-----------------------------------------------------------
start_gui
open_project C:/Users/Biboy/Desktop/szakdogaprogramok/07-uart/07-uart.xpr
WARNING: [Board 49-26] cannot add Board Part digilentinc.com:genesys2:part0:1.1 available at C:/Xilinx/Vivado/2022.2/data/boards/board_files/genesys2/H/board.xml as part xc7k325tffg900-2 specified in board_part file is either invalid or not available
WARNING: [Board 49-26] cannot add Board Part digilentinc.com:sword:part0:1.0 available at C:/Xilinx/Vivado/2022.2/data/boards/board_files/sword/C.0/board.xml as part xc7k325tffg900-2 specified in board_part file is either invalid or not available
WARNING: [Board 49-26] cannot add Board Part xilinx.com:kc705:part0:1.6 available at C:/Xilinx/Vivado/2022.2/data/xhub/boards/XilinxBoardStore/boards/Xilinx/kc705/1.6/board.xml as part xc7k325tffg900-2 specified in board_part file is either invalid or not available
WARNING: [Board 49-26] cannot add Board Part xilinx.com:kcu105:part0:1.6 available at C:/Xilinx/Vivado/2022.2/data/xhub/boards/XilinxBoardStore/boards/Xilinx/kcu105/1.6/board.xml as part xcku040-ffva1156-2-e specified in board_part file is either invalid or not available
WARNING: [Board 49-26] cannot add Board Part xilinx.com:kcu105:part0:1.7 available at C:/Xilinx/Vivado/2022.2/data/xhub/boards/XilinxBoardStore/boards/Xilinx/kcu105/1.7/board.xml as part xcku040-ffva1156-2-e specified in board_part file is either invalid or not available
WARNING: [Board 49-26] cannot add Board Part xilinx.com:kcu116:part0:1.4 available at C:/Xilinx/Vivado/2022.2/data/xhub/boards/XilinxBoardStore/boards/Xilinx/kcu116/1.4/board.xml as part xcku5p-ffvb676-2-e specified in board_part file is either invalid or not available
WARNING: [Board 49-26] cannot add Board Part xilinx.com:kcu116:part0:1.5 available at C:/Xilinx/Vivado/2022.2/data/xhub/boards/XilinxBoardStore/boards/Xilinx/kcu116/1.5/board.xml as part xcku5p-ffvb676-2-e specified in board_part file is either invalid or not available
WARNING: [Board 49-26] cannot add Board Part xilinx.com:kcu1500:part0:1.2 available at C:/Xilinx/Vivado/2022.2/data/xhub/boards/XilinxBoardStore/boards/Xilinx/kcu1500/1.2/board.xml as part xcku115-flvb2104-2-e specified in board_part file is either invalid or not available
WARNING: [Board 49-26] cannot add Board Part xilinx.com:vc707:part0:1.4 available at C:/Xilinx/Vivado/2022.2/data/xhub/boards/XilinxBoardStore/boards/Xilinx/vc707/1.4/board.xml as part xc7vx485tffg1761-2 specified in board_part file is either invalid or not available
WARNING: [Board 49-26] cannot add Board Part xilinx.com:vc709:part0:1.8 available at C:/Xilinx/Vivado/2022.2/data/xhub/boards/XilinxBoardStore/boards/Xilinx/vc709/1.8/board.xml as part xc7vx690tffg1761-2 specified in board_part file is either invalid or not available
WARNING: [Board 49-26] cannot add Board Part xilinx.com:vck190:part0:2.2 available at C:/Xilinx/Vivado/2022.2/data/xhub/boards/XilinxBoardStore/boards/Xilinx/vck190/production/2.2/board.xml as part xcvc1902-vsva2197-2mp-e-s specified in board_part file is either invalid or not available
WARNING: [Board 49-26] cannot add Board Part xilinx.com:vck190:part0:3.0 available at C:/Xilinx/Vivado/2022.2/data/xhub/boards/XilinxBoardStore/boards/Xilinx/vck190/production/3.0/board.xml as part xcvc1902-vsva2197-2mp-e-s specified in board_part file is either invalid or not available
WARNING: [Board 49-26] cannot add Board Part xilinx.com:vck190:part0:3.1 available at C:/Xilinx/Vivado/2022.2/data/xhub/boards/XilinxBoardStore/boards/Xilinx/vck190/production/3.1/board.xml as part xcvc1902-vsva2197-2mp-e-s specified in board_part file is either invalid or not available
WARNING: [Board 49-26] cannot add Board Part xilinx.com:vck190_newl:part0:1.0 available at C:/Xilinx/Vivado/2022.2/data/xhub/boards/XilinxBoardStore/boards/Xilinx/vck190_newl/production/1.0/board.xml as part xcvc1902-vsva2197-2mp-e-s specified in board_part file is either invalid or not available
WARNING: [Board 49-26] cannot add Board Part xilinx.com:vcu108:part0:1.6 available at C:/Xilinx/Vivado/2022.2/data/xhub/boards/XilinxBoardStore/boards/Xilinx/vcu108/1.6/board.xml as part xcvu095-ffva2104-2-e specified in board_part file is either invalid or not available
WARNING: [Board 49-26] cannot add Board Part xilinx.com:vcu108:part0:1.7 available at C:/Xilinx/Vivado/2022.2/data/xhub/boards/XilinxBoardStore/boards/Xilinx/vcu108/1.7/board.xml as part xcvu095-ffva2104-2-e specified in board_part file is either invalid or not available
WARNING: [Board 49-26] cannot add Board Part xilinx.com:vcu110:part0:1.4 available at C:/Xilinx/Vivado/2022.2/data/xhub/boards/XilinxBoardStore/boards/Xilinx/vcu110/1.4/board.xml as part xcvu190-flgc2104-2-e specified in board_part file is either invalid or not available
WARNING: [Board 49-26] cannot add Board Part xilinx.com:vcu118:part0:2.0 available at C:/Xilinx/Vivado/2022.2/data/xhub/boards/XilinxBoardStore/boards/Xilinx/vcu118/2.0/board.xml as part xcvu9p-flga2104-2l-e specified in board_part file is either invalid or not available
WARNING: [Board 49-26] cannot add Board Part xilinx.com:vcu118:part0:2.3 available at C:/Xilinx/Vivado/2022.2/data/xhub/boards/XilinxBoardStore/boards/Xilinx/vcu118/2.3/board.xml as part xcvu9p-flga2104-2l-e specified in board_part file is either invalid or not available
WARNING: [Board 49-26] cannot add Board Part xilinx.com:vcu118:part0:2.4 available at C:/Xilinx/Vivado/2022.2/data/xhub/boards/XilinxBoardStore/boards/Xilinx/vcu118/2.4/board.xml as part xcvu9p-flga2104-2l-e specified in board_part file is either invalid or not available
WARNING: [Board 49-26] cannot add Board Part xilinx.com:vcu128:part0:1.0 available at C:/Xilinx/Vivado/2022.2/data/xhub/boards/XilinxBoardStore/boards/Xilinx/vcu128/production/1.0/board.xml as part xcvu37p-fsvh2892-2l-e specified in board_part file is either invalid or not available
WARNING: [Board 49-26] cannot add Board Part xilinx.com:vcu129:part0:1.0 available at C:/Xilinx/Vivado/2022.2/data/xhub/boards/XilinxBoardStore/boards/Xilinx/vcu129/production/1.0/board.xml as part xcvu29p-fsga2577-2l-e specified in board_part file is either invalid or not available
WARNING: [Board 49-26] cannot add Board Part xilinx.com:vcu1525:part0:1.3 available at C:/Xilinx/Vivado/2022.2/data/xhub/boards/XilinxBoardStore/boards/Xilinx/vcu1525/1.3/board.xml as part xcvu9p-fsgd2104-2l-e specified in board_part file is either invalid or not available
WARNING: [Board 49-26] cannot add Board Part xilinx.com:vek280_es:part0:1.0 available at C:/Xilinx/Vivado/2022.2/data/xhub/boards/XilinxBoardStore/boards/Xilinx/vek280/es/1.0/board.xml as part xcve2802-vsvh1760-2lp-e-s-es1 specified in board_part file is either invalid or not available
WARNING: [Board 49-26] cannot add Board Part xilinx.com:vermeo_t1_mpsoc:part0:1.0 available at C:/Xilinx/Vivado/2022.2/data/xhub/boards/XilinxBoardStore/boards/Xilinx/vermeo_t1_mpsoc/1.0/board.xml as part xczu19eg-ffvd1760-2l-e specified in board_part file is either invalid or not available
WARNING: [Board 49-26] cannot add Board Part xilinx.com:vermeo_t1_rfsoc:part0:1.0 available at C:/Xilinx/Vivado/2022.2/data/xhub/boards/XilinxBoardStore/boards/Xilinx/vermeo_t1_rfsoc/1.0/board.xml as part xczu21dr-ffvd1156-2l-e specified in board_part file is either invalid or not available
WARNING: [Board 49-26] cannot add Board Part xilinx.com:vhk158_es:part0:1.0 available at C:/Xilinx/Vivado/2022.2/data/xhub/boards/XilinxBoardStore/boards/Xilinx/vhk158/es/1.0/board.xml as part xcvh1582-vsva3697-2mp-e-s-es1 specified in board_part file is either invalid or not available
WARNING: [Board 49-26] cannot add Board Part xilinx.com:vmk180:part0:2.2 available at C:/Xilinx/Vivado/2022.2/data/xhub/boards/XilinxBoardStore/boards/Xilinx/vmk180/production/2.2/board.xml as part xcvm1802-vsva2197-2mp-e-s specified in board_part file is either invalid or not available
WARNING: [Board 49-26] cannot add Board Part xilinx.com:vmk180:part0:3.0 available at C:/Xilinx/Vivado/2022.2/data/xhub/boards/XilinxBoardStore/boards/Xilinx/vmk180/production/3.0/board.xml as part xcvm1802-vsva2197-2mp-e-s specified in board_part file is either invalid or not available
WARNING: [Board 49-26] cannot add Board Part xilinx.com:vmk180:part0:3.1 available at C:/Xilinx/Vivado/2022.2/data/xhub/boards/XilinxBoardStore/boards/Xilinx/vmk180/production/3.1/board.xml as part xcvm1802-vsva2197-2mp-e-s specified in board_part file is either invalid or not available
WARNING: [Board 49-26] cannot add Board Part xilinx.com:vmk180_newl:part0:1.0 available at C:/Xilinx/Vivado/2022.2/data/xhub/boards/XilinxBoardStore/boards/Xilinx/vmk180_newl/production/1.0/board.xml as part xcvm1802-vsva2197-2mp-e-s specified in board_part file is either invalid or not available
WARNING: [Board 49-26] cannot add Board Part xilinx.com:vpk120:part0:1.0 available at C:/Xilinx/Vivado/2022.2/data/xhub/boards/XilinxBoardStore/boards/Xilinx/vpk120/production/1.0/board.xml as part xcvp1202-vsva2785-2mp-e-s specified in board_part file is either invalid or not available
WARNING: [Board 49-26] cannot add Board Part xilinx.com:vpk120_es:part0:1.2 available at C:/Xilinx/Vivado/2022.2/data/xhub/boards/XilinxBoardStore/boards/Xilinx/vpk120/es/1.2/board.xml as part xcvp1202-vsva2785-2mp-e-s-es1 specified in board_part file is either invalid or not available
WARNING: [Board 49-26] cannot add Board Part xilinx.com:vpk120_es_revb:part0:1.0 available at C:/Xilinx/Vivado/2022.2/data/xhub/boards/XilinxBoardStore/boards/Xilinx/vpk120_revb/es/1.0/board.xml as part xcvp1202-vsva2785-2mp-e-s-es1 specified in board_part file is either invalid or not available
WARNING: [Board 49-26] cannot add Board Part xilinx.com:vpk180_es:part0:1.0 available at C:/Xilinx/Vivado/2022.2/data/xhub/boards/XilinxBoardStore/boards/Xilinx/vpk180/es/1.0/board.xml as part xcvp1802-lsvc4072-2mp-e-s-es1 specified in board_part file is either invalid or not available
WARNING: [Board 49-26] cannot add Board Part xilinx.com:zc706:part0:1.4 available at C:/Xilinx/Vivado/2022.2/data/xhub/boards/XilinxBoardStore/boards/Xilinx/zc706/1.4/board.xml as part xc7z045ffg900-2 specified in board_part file is either invalid or not available
WARNING: [Board 49-26] cannot add Board Part xilinx.com:zcu102:part0:3.3 available at C:/Xilinx/Vivado/2022.2/data/xhub/boards/XilinxBoardStore/boards/Xilinx/zcu102/3.3/board.xml as part xczu9eg-ffvb1156-2-e specified in board_part file is either invalid or not available
WARNING: [Board 49-26] cannot add Board Part xilinx.com:zcu102:part0:3.4 available at C:/Xilinx/Vivado/2022.2/data/xhub/boards/XilinxBoardStore/boards/Xilinx/zcu102/3.4/board.xml as part xczu9eg-ffvb1156-2-e specified in board_part file is either invalid or not available
WARNING: [Board 49-26] cannot add Board Part xilinx.com:zcu111:part0:1.2 available at C:/Xilinx/Vivado/2022.2/data/xhub/boards/XilinxBoardStore/boards/Xilinx/zcu111/1.2/board.xml as part xczu28dr-ffvg1517-2-e specified in board_part file is either invalid or not available
WARNING: [Board 49-26] cannot add Board Part xilinx.com:zcu111:part0:1.3 available at C:/Xilinx/Vivado/2022.2/data/xhub/boards/XilinxBoardStore/boards/Xilinx/zcu111/1.3/board.xml as part xczu28dr-ffvg1517-2-e specified in board_part file is either invalid or not available
WARNING: [Board 49-26] cannot add Board Part xilinx.com:zcu111:part0:1.4 available at C:/Xilinx/Vivado/2022.2/data/xhub/boards/XilinxBoardStore/boards/Xilinx/zcu111/1.4/board.xml as part xczu28dr-ffvg1517-2-e specified in board_part file is either invalid or not available
WARNING: [Board 49-26] cannot add Board Part xilinx.com:zcu1275:part0:1.0 available at C:/Xilinx/Vivado/2022.2/data/xhub/boards/XilinxBoardStore/boards/Xilinx/zcu1275/1.0/board.xml as part xczu29dr-ffvf1760-2-e specified in board_part file is either invalid or not available
WARNING: [Board 49-26] cannot add Board Part xilinx.com:zcu1285:part0:1.0 available at C:/Xilinx/Vivado/2022.2/data/xhub/boards/XilinxBoardStore/boards/Xilinx/zcu1285/1.0/board.xml as part xczu39dr-ffvf1760-2-i specified in board_part file is either invalid or not available
WARNING: [Board 49-26] cannot add Board Part xilinx.com:zcu208:part0:2.0 available at C:/Xilinx/Vivado/2022.2/data/xhub/boards/XilinxBoardStore/boards/Xilinx/zcu208/production/2.0/board.xml as part xczu48dr-fsvg1517-2-e specified in board_part file is either invalid or not available
WARNING: [Board 49-26] cannot add Board Part xilinx.com:zcu208ld:part0:2.0 available at C:/Xilinx/Vivado/2022.2/data/xhub/boards/XilinxBoardStore/boards/Xilinx/zcu208ld/production/2.0/board.xml as part xczu58dr-fsvg1517-2-i specified in board_part file is either invalid or not available
WARNING: [Board 49-26] cannot add Board Part xilinx.com:zcu216:part0:2.0 available at C:/Xilinx/Vivado/2022.2/data/xhub/boards/XilinxBoardStore/boards/Xilinx/zcu216/production/2.0/board.xml as part xczu49dr-ffvf1760-2-e specified in board_part file is either invalid or not available
WARNING: [Board 49-26] cannot add Board Part xilinx.com:zcu216ld:part0:2.0 available at C:/Xilinx/Vivado/2022.2/data/xhub/boards/XilinxBoardStore/boards/Xilinx/zcu216ld/production/2.0/board.xml as part xczu59dr-ffvf1760-2-i specified in board_part file is either invalid or not available
WARNING: [Board 49-26] cannot add Board Part xilinx.com:zcu670:part0:2.0 available at C:/Xilinx/Vivado/2022.2/data/xhub/boards/XilinxBoardStore/boards/Xilinx/zcu670/2.0/board.xml as part xczu67dr-fsve1156-2-i specified in board_part file is either invalid or not available
WARNING: [Board 49-26] cannot add Board Part xilinx.com:zcu670ld:part0:1.0 available at C:/Xilinx/Vivado/2022.2/data/xhub/boards/XilinxBoardStore/boards/Xilinx/zcu670ld/1.0/board.xml as part xczu57dr-fsve1156-2-i specified in board_part file is either invalid or not available
INFO: [filemgmt 56-3] Default IP Output Path : Could not find the directory 'C:/Users/Biboy/Desktop/szakdogaprogramok/07-uart/07-uart.gen/sources_1'.
Scanning sources...
Finished scanning sources
INFO: [IP_Flow 19-234] Refreshing IP repositories
INFO: [IP_Flow 19-1704] No user IP repositories specified
INFO: [IP_Flow 19-2313] Loaded Vivado IP repository 'C:/Xilinx/Vivado/2022.2/data/ip'.
open_project: Time (s): cpu = 00:00:27 ; elapsed = 00:00:15 . Memory (MB): peak = 1133.355 ; gain = 365.633
update_compile_order -fileset sources_1
open_bd_design {C:/Users/Biboy/Desktop/szakdogaprogramok/07-uart/07-uart.srcs/sources_1/bd/design_1/design_1.bd}
Reading block design file <C:/Users/Biboy/Desktop/szakdogaprogramok/07-uart/07-uart.srcs/sources_1/bd/design_1/design_1.bd>...
Successfully read diagram <design_1> from block design file <C:/Users/Biboy/Desktop/szakdogaprogramok/07-uart/07-uart.srcs/sources_1/bd/design_1/design_1.bd>
open_bd_design: Time (s): cpu = 00:00:09 ; elapsed = 00:00:06 . Memory (MB): peak = 1264.883 ; gain = 99.684
startgroup
create_bd_cell -type ip -vlnv xilinx.com:ip:microblaze:11.0 microblaze_0
endgroup
apply_bd_automation -rule xilinx.com:bd_rule:microblaze -config { axi_intc {1} axi_periph {Enabled} cache {None} clk {New Clocking Wizard} cores {1} debug_module {Debug Only} ecc {None} local_mem {64KB} preset {None}}  [get_bd_cells microblaze_0]
WARNING: [BD 5-700] No address spaces matched 'get_bd_addr_spaces /microblaze_0'
apply_bd_automation: Time (s): cpu = 00:00:13 ; elapsed = 00:00:12 . Memory (MB): peak = 1611.793 ; gain = 204.742
startgroup
set_property -dict [list \
  CONFIG.CLK_IN1_BOARD_INTERFACE {sys_clock} \
  CONFIG.PRIM_SOURCE {Single_ended_clock_capable_pin} \
  CONFIG.RESET_PORT {resetn} \
  CONFIG.RESET_TYPE {ACTIVE_LOW} \
] [get_bd_cells clk_wiz_1]
endgroup
startgroup
set_property CONFIG.NUM_PORTS {1} [get_bd_cells microblaze_0_xlconcat]
endgroup
startgroup
apply_bd_automation -rule xilinx.com:bd_rule:board -config { Board_Interface {sys_clock ( System Clock ) } Manual_Source {Auto}}  [get_bd_pins clk_wiz_1/clk_in1]
INFO: [board_rule 100-100] set_property CONFIG.USE_BOARD_FLOW true [get_bd_cells /clk_wiz_1]
INFO: [board_rule 100-100] set_property CONFIG.CLK_IN1_BOARD_INTERFACE sys_clock [get_bd_cells /clk_wiz_1]
WARNING: [BD 5-670] It is required to provide a frequency value for a user created input clock port. Please use the <-freq_hz $freq_val> argument of the create_bd_port command. ie create_bd_port -dir I -type clk -freq_hz 100000000 clkin
INFO: [BoardRule 102-10] create_bd_port -dir I sys_clock -type clk
INFO: [BoardRule 102-5] set_property CONFIG.FREQ_HZ 100000000 /sys_clock
INFO: [BoardRule 102-6] set_property CONFIG.PHASE 0.0 /sys_clock
INFO: [BoardRule 102-15] connect_bd_net /sys_clock /clk_wiz_1/clk_in1
INFO: [BoardRule 102-17] set_property CONFIG.FREQ_HZ 100000000 /sys_clock
apply_bd_automation -rule xilinx.com:bd_rule:board -config { Board_Interface {reset ( System Reset ) } Manual_Source {New External Port (ACTIVE_LOW)}}  [get_bd_pins clk_wiz_1/resetn]
INFO: [board_rule 100-100] set_property CONFIG.RESET_BOARD_INTERFACE reset [get_bd_cells /clk_wiz_1]
INFO: [BoardRule 102-10] create_bd_port -dir I reset -type rst
INFO: [BoardRule 102-7] set_property CONFIG.POLARITY ACTIVE_LOW /reset
INFO: [BoardRule 102-15] connect_bd_net /reset /clk_wiz_1/resetn
INFO: [BoardRule 102-18] set_property CONFIG.POLARITY ACTIVE_LOW /reset
apply_bd_automation -rule xilinx.com:bd_rule:board -config { Board_Interface {reset ( System Reset ) } Manual_Source {Auto}}  [get_bd_pins rst_clk_wiz_1_100M/ext_reset_in]
INFO: [board_rule 100-100] set_property CONFIG.USE_BOARD_FLOW true [get_bd_cells /rst_clk_wiz_1_100M]
INFO: [board_rule 100-100] set_property CONFIG.RESET_BOARD_INTERFACE reset [get_bd_cells /rst_clk_wiz_1_100M]
INFO: [BoardRule 102-15] connect_bd_net /reset /rst_clk_wiz_1_100M/ext_reset_in
INFO: [BoardRule 102-18] set_property CONFIG.POLARITY ACTIVE_LOW /reset
endgroup
startgroup
create_bd_cell -type ip -vlnv xilinx.com:ip:axi_uartlite:2.0 axi_uartlite_0
endgroup
set_property CONFIG.UARTLITE_BOARD_INTERFACE {usb_uart} [get_bd_cells axi_uartlite_0]
startgroup
apply_bd_automation -rule xilinx.com:bd_rule:axi4 -config { Clk_master {/clk_wiz_1/clk_out1 (100 MHz)} Clk_slave {Auto} Clk_xbar {/clk_wiz_1/clk_out1 (100 MHz)} Master {/microblaze_0 (Periph)} Slave {/axi_uartlite_0/S_AXI} ddr_seg {Auto} intc_ip {/microblaze_0_axi_periph} master_apm {0}}  [get_bd_intf_pins axi_uartlite_0/S_AXI]
Slave segment '/axi_uartlite_0/S_AXI/Reg' is being assigned into address space '/microblaze_0/Data' at <0x4060_0000 [ 64K ]>.
apply_bd_automation -rule xilinx.com:bd_rule:board -config { Board_Interface {usb_uart ( USB UART ) } Manual_Source {Auto}}  [get_bd_intf_pins axi_uartlite_0/UART]
INFO: [board_rule 100-100] set_property CONFIG.USE_BOARD_FLOW true [get_bd_cells /axi_uartlite_0]
INFO: [board_rule 100-100] set_property CONFIG.UARTLITE_BOARD_INTERFACE usb_uart [get_bd_cells /axi_uartlite_0]
INFO: [BoardRule 102-8] create_bd_intf_port -mode Master -vlnv xilinx.com:interface:uart_rtl:1.0 usb_uart
INFO: [BoardRule 102-9] connect_bd_intf_net /usb_uart /axi_uartlite_0/UART
endgroup
connect_bd_net [get_bd_pins microblaze_0_xlconcat/In0] [get_bd_pins axi_uartlite_0/interrupt]
regenerate_bd_layout
validate_bd_design
WARNING: [filemgmt 56-443] The ECC Algorithm string is empty. Setting the Memory Map to default ECC value to ECC_NONE.
INFO: [xilinx.com:ip:axi_intc:4.1-1] /microblaze_0_axi_intc: The AXI INTC core has been configured to operate with synchronous clocks.
INFO: [xilinx.com:ip:clk_wiz:6.0-1] /clk_wiz_1 clk_wiz propagate
save_bd_design
Wrote  : <C:\Users\Biboy\Desktop\szakdogaprogramok\07-uart\07-uart.srcs\sources_1\bd\design_1\design_1.bd> 
Wrote  : <C:/Users/Biboy/Desktop/szakdogaprogramok/07-uart/07-uart.srcs/sources_1/bd/design_1/ui/bd_1f5defd0.ui> 
make_wrapper -files [get_files C:/Users/Biboy/Desktop/szakdogaprogramok/07-uart/07-uart.srcs/sources_1/bd/design_1/design_1.bd] -top
INFO: [BD 41-1662] The design 'design_1.bd' is already validated. Therefore parameter propagation will not be re-run.
WARNING: [filemgmt 56-443] The ECC Algorithm string is empty. Setting the Memory Map to default ECC value to ECC_NONE.
WARNING: [filemgmt 56-443] The ECC Algorithm string is empty. Setting the Memory Map to default ECC value to ECC_NONE.
Verilog Output written to : c:/Users/Biboy/Desktop/szakdogaprogramok/07-uart/07-uart.gen/sources_1/bd/design_1/synth/design_1.v
Verilog Output written to : c:/Users/Biboy/Desktop/szakdogaprogramok/07-uart/07-uart.gen/sources_1/bd/design_1/sim/design_1.v
Verilog Output written to : c:/Users/Biboy/Desktop/szakdogaprogramok/07-uart/07-uart.gen/sources_1/bd/design_1/hdl/design_1_wrapper.v
add_files -norecurse c:/Users/Biboy/Desktop/szakdogaprogramok/07-uart/07-uart.gen/sources_1/bd/design_1/hdl/design_1_wrapper.v
launch_runs impl_1 -to_step write_bitstream -jobs 2
INFO: [BD 41-1662] The design 'design_1.bd' is already validated. Therefore parameter propagation will not be re-run.
WARNING: [filemgmt 56-443] The ECC Algorithm string is empty. Setting the Memory Map to default ECC value to ECC_NONE.
WARNING: [filemgmt 56-443] The ECC Algorithm string is empty. Setting the Memory Map to default ECC value to ECC_NONE.
Verilog Output written to : c:/Users/Biboy/Desktop/szakdogaprogramok/07-uart/07-uart.gen/sources_1/bd/design_1/synth/design_1.v
Verilog Output written to : c:/Users/Biboy/Desktop/szakdogaprogramok/07-uart/07-uart.gen/sources_1/bd/design_1/sim/design_1.v
Verilog Output written to : c:/Users/Biboy/Desktop/szakdogaprogramok/07-uart/07-uart.gen/sources_1/bd/design_1/hdl/design_1_wrapper.v
INFO: [BD 41-1029] Generation completed for the IP Integrator block microblaze_0 .
INFO: [BD 41-1029] Generation completed for the IP Integrator block microblaze_0_local_memory/dlmb_v10 .
INFO: [BD 41-1029] Generation completed for the IP Integrator block microblaze_0_local_memory/ilmb_v10 .
INFO: [BD 41-1029] Generation completed for the IP Integrator block microblaze_0_local_memory/dlmb_bram_if_cntlr .
INFO: [BD 41-1029] Generation completed for the IP Integrator block microblaze_0_local_memory/ilmb_bram_if_cntlr .
INFO: [BD 41-1029] Generation completed for the IP Integrator block microblaze_0_local_memory/lmb_bram .
INFO: [BD 41-1029] Generation completed for the IP Integrator block microblaze_0_axi_periph/xbar .
INFO: [BD 41-1029] Generation completed for the IP Integrator block microblaze_0_axi_intc .
INFO: [BD 41-1029] Generation completed for the IP Integrator block microblaze_0_xlconcat .
INFO: [Device 21-403] Loading part xc7a35ticsg324-1L
INFO: [BD 41-1029] Generation completed for the IP Integrator block mdm_1 .
INFO: [BD 41-1029] Generation completed for the IP Integrator block clk_wiz_1 .
INFO: [BD 41-1029] Generation completed for the IP Integrator block rst_clk_wiz_1_100M .
WARNING: [IP_Flow 19-4994] Overwriting existing constraint file 'c:/Users/Biboy/Desktop/szakdogaprogramok/07-uart/07-uart.gen/sources_1/bd/design_1/ip/design_1_axi_uartlite_0_0/design_1_axi_uartlite_0_0_ooc.xdc'
INFO: [BD 41-1029] Generation completed for the IP Integrator block axi_uartlite_0 .
Exporting to file c:/Users/Biboy/Desktop/szakdogaprogramok/07-uart/07-uart.gen/sources_1/bd/design_1/hw_handoff/design_1.hwh
Generated Hardware Definition File c:/Users/Biboy/Desktop/szakdogaprogramok/07-uart/07-uart.gen/sources_1/bd/design_1/synth/design_1.hwdef
INFO: [IP_Flow 19-6930] IPCACHE: runCacheChecks() number of threads = 8
INFO: [IP_Flow 19-6921] IPCACHE: Adding cache check func to thread queue for IP design_1_axi_uartlite_0_0
INFO: [IP_Flow 19-6921] IPCACHE: Adding cache check func to thread queue for IP design_1_clk_wiz_1_0
INFO: [IP_Flow 19-6921] IPCACHE: Adding cache check func to thread queue for IP design_1_dlmb_bram_if_cntlr_0
INFO: [IP_Flow 19-6921] IPCACHE: Adding cache check func to thread queue for IP design_1_dlmb_v10_0
INFO: [IP_Flow 19-6921] IPCACHE: Adding cache check func to thread queue for IP design_1_ilmb_bram_if_cntlr_0
INFO: [IP_Flow 19-6921] IPCACHE: Adding cache check func to thread queue for IP design_1_ilmb_v10_0
INFO: [IP_Flow 19-6921] IPCACHE: Adding cache check func to thread queue for IP design_1_lmb_bram_0
INFO: [IP_Flow 19-6921] IPCACHE: Adding cache check func to thread queue for IP design_1_mdm_1_0
INFO: [IP_Flow 19-6921] IPCACHE: Adding cache check func to thread queue for IP design_1_microblaze_0_0
INFO: [IP_Flow 19-6921] IPCACHE: Adding cache check func to thread queue for IP design_1_microblaze_0_axi_intc_0
INFO: [IP_Flow 19-6921] IPCACHE: Adding cache check func to thread queue for IP design_1_rst_clk_wiz_1_100M_0
INFO: [IP_Flow 19-6921] IPCACHE: Adding cache check func to thread queue for IP design_1_xbar_0
INFO: [IP_Flow 19-8020] IPCACHE: runCacheChecks() calling threadPool finishWork()
INFO: [IP_Flow 19-6924] IPCACHE: Running cache check for IP inst: design_1_axi_uartlite_0_0
INFO: [IP_Flow 19-6924] IPCACHE: Running cache check for IP inst: design_1_clk_wiz_1_0
INFO: [IP_Flow 19-6924] IPCACHE: Running cache check for IP inst: design_1_dlmb_bram_if_cntlr_0
INFO: [IP_Flow 19-6924] IPCACHE: Running cache check for IP inst: design_1_dlmb_v10_0
INFO: [IP_Flow 19-6924] IPCACHE: Running cache check for IP inst: design_1_ilmb_bram_if_cntlr_0
INFO: [IP_Flow 19-6924] IPCACHE: Running cache check for IP inst: design_1_ilmb_v10_0
INFO: [IP_Flow 19-6924] IPCACHE: Running cache check for IP inst: design_1_lmb_bram_0
INFO: [IP_Flow 19-6924] IPCACHE: Running cache check for IP inst: design_1_mdm_1_0
INFO: [IP_Flow 19-6924] IPCACHE: Running cache check for IP inst: design_1_microblaze_0_0
INFO: [IP_Flow 19-6924] IPCACHE: Running cache check for IP inst: design_1_microblaze_0_axi_intc_0
INFO: [IP_Flow 19-6924] IPCACHE: Running cache check for IP inst: design_1_rst_clk_wiz_1_100M_0
INFO: [IP_Flow 19-6924] IPCACHE: Running cache check for IP inst: design_1_xbar_0
[Wed Aug 16 15:42:11 2023] Launched design_1_microblaze_0_0_synth_1, design_1_ilmb_v10_0_synth_1, design_1_axi_uartlite_0_0_synth_1, design_1_xbar_0_synth_1, design_1_microblaze_0_axi_intc_0_synth_1, design_1_clk_wiz_1_0_synth_1, design_1_mdm_1_0_synth_1, design_1_rst_clk_wiz_1_100M_0_synth_1, design_1_ilmb_bram_if_cntlr_0_synth_1, design_1_lmb_bram_0_synth_1, design_1_dlmb_bram_if_cntlr_0_synth_1, design_1_dlmb_v10_0_synth_1, synth_1...
Run output will be captured here:
design_1_microblaze_0_0_synth_1: C:/Users/Biboy/Desktop/szakdogaprogramok/07-uart/07-uart.runs/design_1_microblaze_0_0_synth_1/runme.log
design_1_ilmb_v10_0_synth_1: C:/Users/Biboy/Desktop/szakdogaprogramok/07-uart/07-uart.runs/design_1_ilmb_v10_0_synth_1/runme.log
design_1_axi_uartlite_0_0_synth_1: C:/Users/Biboy/Desktop/szakdogaprogramok/07-uart/07-uart.runs/design_1_axi_uartlite_0_0_synth_1/runme.log
design_1_xbar_0_synth_1: C:/Users/Biboy/Desktop/szakdogaprogramok/07-uart/07-uart.runs/design_1_xbar_0_synth_1/runme.log
design_1_microblaze_0_axi_intc_0_synth_1: C:/Users/Biboy/Desktop/szakdogaprogramok/07-uart/07-uart.runs/design_1_microblaze_0_axi_intc_0_synth_1/runme.log
design_1_clk_wiz_1_0_synth_1: C:/Users/Biboy/Desktop/szakdogaprogramok/07-uart/07-uart.runs/design_1_clk_wiz_1_0_synth_1/runme.log
design_1_mdm_1_0_synth_1: C:/Users/Biboy/Desktop/szakdogaprogramok/07-uart/07-uart.runs/design_1_mdm_1_0_synth_1/runme.log
design_1_rst_clk_wiz_1_100M_0_synth_1: C:/Users/Biboy/Desktop/szakdogaprogramok/07-uart/07-uart.runs/design_1_rst_clk_wiz_1_100M_0_synth_1/runme.log
design_1_ilmb_bram_if_cntlr_0_synth_1: C:/Users/Biboy/Desktop/szakdogaprogramok/07-uart/07-uart.runs/design_1_ilmb_bram_if_cntlr_0_synth_1/runme.log
design_1_lmb_bram_0_synth_1: C:/Users/Biboy/Desktop/szakdogaprogramok/07-uart/07-uart.runs/design_1_lmb_bram_0_synth_1/runme.log
design_1_dlmb_bram_if_cntlr_0_synth_1: C:/Users/Biboy/Desktop/szakdogaprogramok/07-uart/07-uart.runs/design_1_dlmb_bram_if_cntlr_0_synth_1/runme.log
design_1_dlmb_v10_0_synth_1: C:/Users/Biboy/Desktop/szakdogaprogramok/07-uart/07-uart.runs/design_1_dlmb_v10_0_synth_1/runme.log
synth_1: C:/Users/Biboy/Desktop/szakdogaprogramok/07-uart/07-uart.runs/synth_1/runme.log
[Wed Aug 16 15:42:11 2023] Launched impl_1...
Run output will be captured here: C:/Users/Biboy/Desktop/szakdogaprogramok/07-uart/07-uart.runs/impl_1/runme.log
launch_runs: Time (s): cpu = 00:00:09 ; elapsed = 00:00:12 . Memory (MB): peak = 1967.594 ; gain = 51.656
write_hw_platform -fixed -include_bit -force -file C:/Users/Biboy/Desktop/szakdogaprogramok/07-uart/design_1_wrapper.xsa
INFO: [Project 1-1918] Creating Hardware Platform: C:/Users/Biboy/Desktop/szakdogaprogramok/07-uart/design_1_wrapper.xsa ...
WARNING: [Project 1-645] Board images not set in Hardware Platform.
INFO: [Hsi 55-2053] elapsed time for repository (C:/Xilinx/Vivado/2022.2/data/embeddedsw) loading 2 seconds
ERROR: [Common 17-69] Command failed: Unable to get BIT file from implementation run. Please ensure implementation has been run all the way through Bitstream generation. Aborting write_hw_platform..
write_hw_platform -fixed -include_bit -force -file C:/Users/Biboy/Desktop/szakdogaprogramok/07-uart/design_1_wrapper.xsa
INFO: [Project 1-1918] Creating Hardware Platform: C:/Users/Biboy/Desktop/szakdogaprogramok/07-uart/design_1_wrapper.xsa ...
WARNING: [Project 1-645] Board images not set in Hardware Platform.
INFO: [Project 1-1943] The Hardware Platform can be used for Hardware
INFO: [Project 1-1941] Successfully created Hardware Platform: C:/Users/Biboy/Desktop/szakdogaprogramok/07-uart/design_1_wrapper.xsa
INFO: [Vivado 12-8231] Launching Vitis
INFO: [Vivado 12-417] Running vitis
INFO: [Vivado 12-8231] Launching Vitis
INFO: [Vivado 12-417] Running vitis
INFO: [Vivado 12-8231] Launching Vitis
INFO: [Vivado 12-417] Running vitis
INFO: [Vivado 12-8231] Launching Vitis
INFO: [Vivado 12-417] Running vitis
exit
INFO: [Common 17-206] Exiting Vivado at Wed Aug 16 16:11:24 2023...
