#-----------------------------------------------------------
# Vivado v2019.1 (64-bit)
# SW Build 2552052 on Fri May 24 14:49:42 MDT 2019
# IP Build 2548770 on Fri May 24 18:01:18 MDT 2019
# Start of session at: Thu Jan 18 09:17:35 2024
# Process ID: 952
# Current directory: C:/Users/kmironp/Desktop/Szakdoga_vegso/Kodok/impm3/Scratch
# Command line: vivado.exe -gui_launcher_event rodinguilauncherevent6868 C:\Users\kmironp\Desktop\Szakdoga_vegso\Kodok\impm3\Scratch\Scratch.xpr
# Log file: C:/Users/kmironp/Desktop/Szakdoga_vegso/Kodok/impm3/Scratch/vivado.log
# Journal file: C:/Users/kmironp/Desktop/Szakdoga_vegso/Kodok/impm3/Scratch\vivado.jou
#-----------------------------------------------------------
start_gui
open_project C:/Users/kmironp/Desktop/Szakdoga_vegso/Kodok/impm3/Scratch/Scratch.xpr
Scanning sources...
Finished scanning sources
WARNING: [filemgmt 56-3] IP Repository Path: Could not find the directory 'V:/vivado/Arm_ipi_repository'.
INFO: [IP_Flow 19-234] Refreshing IP repositories
WARNING: [IP_Flow 19-2248] Failed to load user IP repository 'v:/vivado/Arm_ipi_repository'; Can't find the specified path.
If this directory should no longer be in your list of user repositories, go to the IP Settings dialog and remove it.
INFO: [IP_Flow 19-2313] Loaded Vivado IP repository 'C:/Xilinx/Vivado/2019.1/data/ip'.
WARNING: [BD 41-1661] One or more IPs have been locked in the design 'design_1.bd'. Please run report_ip_status for more details and recommendations on how to fix this issue.
List of locked IPs:
design_1_CORTEXM3_AXI_0_0

open_project: Time (s): cpu = 00:00:19 ; elapsed = 00:00:18 . Memory (MB): peak = 795.043 ; gain = 215.918
update_compile_order -fileset sources_1
open_bd_design {C:/Users/kmironp/Desktop/Szakdoga_vegso/Kodok/impm3/Scratch/Scratch.srcs/sources_1/bd/design_1/design_1.bd}
Adding component instance block -- Arm.com:CortexM:CORTEXM3_AXI:1.1 - CORTEXM3_AXI_0
Adding component instance block -- xilinx.com:ip:xlconstant:1.1 - xlconstant_0
Adding component instance block -- xilinx.com:ip:xlconstant:1.1 - xlconstant_1
Adding component instance block -- xilinx.com:ip:xlconstant:1.1 - xlconstant_2
Adding component instance block -- xilinx.com:ip:axi_interconnect:2.1 - axi_interconnect_0
Adding component instance block -- xilinx.com:ip:axi_crossbar:2.1 - xbar
Adding component instance block -- xilinx.com:ip:axi_protocol_converter:2.1 - auto_pc
Adding component instance block -- xilinx.com:ip:axi_protocol_converter:2.1 - auto_pc
Adding component instance block -- xilinx.com:ip:axi_uartlite:2.0 - axi_uartlite_0
Adding component instance block -- xilinx.com:ip:proc_sys_reset:5.0 - proc_sys_reset_0
Adding component instance block -- xilinx.com:ip:clk_wiz:6.0 - clk_wiz_0
Successfully read diagram <design_1> from BD file <C:/Users/kmironp/Desktop/Szakdoga_vegso/Kodok/impm3/Scratch/Scratch.srcs/sources_1/bd/design_1/design_1.bd>
open_bd_design: Time (s): cpu = 00:00:14 ; elapsed = 00:00:13 . Memory (MB): peak = 1168.062 ; gain = 0.000
exit
INFO: [Common 17-206] Exiting Vivado at Thu Jan 18 09:22:57 2024...
