#-----------------------------------------------------------
# Vivado v2019.1 (64-bit)
# SW Build 2552052 on Fri May 24 14:49:42 MDT 2019
# IP Build 2548770 on Fri May 24 18:01:18 MDT 2019
# Start of session at: Fri Feb 23 14:57:35 2024
# Process ID: 1612
# Current directory: V:/hardware/m3_for_arty_a7/m3_for_arty_a7
# Command line: vivado.exe -mode batch -source make_prog_files.tcl -notrace
# Log file: V:/hardware/m3_for_arty_a7/m3_for_arty_a7/vivado.log
# Journal file: V:/hardware/m3_for_arty_a7/m3_for_arty_a7\vivado.jou
#-----------------------------------------------------------
source make_prog_files.tcl -notrace
  Running updatemem ...

****** updatemem v2019.1 (64-bit)
  **** SW Build 2552052 on Fri May 24 14:49:42 MDT 2019
  **** IP Build 2548770 on Fri May 24 18:01:18 MDT 2019
    ** Copyright 1986-2019 Xilinx, Inc. All Rights Reserved.

source C:/Xilinx/Vivado/2019.1/scripts/updatemem/main.tcl -notrace
Command: update_mem -meminfo ./m3.mmi -data ./bram_a7.elf -proc dummy -bit ./m3_for_arty_a7.runs/impl_1/m3_for_arty_a7_wrapper.bit -out m3_for_arty_a7.bit -force
Loading bitfile ./m3_for_arty_a7.runs/impl_1/m3_for_arty_a7_wrapper.bit
Loading data files...
Updating memory content...
Creating bitstream...
Writing bitstream m3_for_arty_a7.bit...
0 Infos, 0 Warnings, 0 Critical Warnings and 0 Errors encountered.
update_mem completed successfully
update_mem: Time (s): cpu = 00:00:11 ; elapsed = 00:00:12 . Memory (MB): peak = 526.453 ; gain = 438.219
INFO: [Common 17-206] Exiting updatemem at Fri Feb 23 14:57:53 2024...

********************************************
  m3_for_arty_a7.bit correctly generated
********************************************

Command: write_cfgmem -force -format MCS -size 16 -interface SPIx4 -loadbit { up 0 m3_for_arty_a7.bit} m3_for_arty_a7.mcs
Creating config memory files...
Creating bitstream load up from address 0x00000000
Loading bitfile m3_for_arty_a7.bit
Writing file ./m3_for_arty_a7.mcs
Writing log file ./m3_for_arty_a7.prm
===================================
Configuration Memory information
===================================
File Format        MCS
Interface          SPIX4
Size               16M
Start Address      0x00000000
End Address        0x00FFFFFF

Addr1         Addr2         Date                    File(s)
0x00000000    0x0021728B    Feb 23 14:57:53 2024    m3_for_arty_a7.bit
0 Infos, 0 Warnings, 0 Critical Warnings and 0 Errors encountered.
write_cfgmem completed successfully

********************************************
  m3_for_arty_a7.mcs correctly generated
********************************************

INFO: [Common 17-206] Exiting Vivado at Fri Feb 23 14:57:55 2024...
