#-----------------------------------------------------------
# Vivado v2019.1 (64-bit)
# SW Build 2552052 on Fri May 24 14:49:42 MDT 2019
# IP Build 2548770 on Fri May 24 18:01:18 MDT 2019
# Start of session at: Thu Jan 11 13:34:19 2024
# Process ID: 12848
# Current directory: C:/Users/kmironp/Desktop/Szakdoga_vegso/Kodok/cortexuart/AT426-BU-98000-r0p1-00rel0/hardware/m3_for_arty_a7/m3_for_arty_a7
# Command line: vivado.exe -gui_launcher_event rodinguilauncherevent14400 C:\Users\kmironp\Desktop\Szakdoga_vegso\Kodok\cortexuart\AT426-BU-98000-r0p1-00rel0\hardware\m3_for_arty_a7\m3_for_arty_a7\m3_for_arty_a7.xpr
# Log file: C:/Users/kmironp/Desktop/Szakdoga_vegso/Kodok/cortexuart/AT426-BU-98000-r0p1-00rel0/hardware/m3_for_arty_a7/m3_for_arty_a7/vivado.log
# Journal file: C:/Users/kmironp/Desktop/Szakdoga_vegso/Kodok/cortexuart/AT426-BU-98000-r0p1-00rel0/hardware/m3_for_arty_a7/m3_for_arty_a7\vivado.jou
#-----------------------------------------------------------
start_gui
open_project C:/Users/kmironp/Desktop/Szakdoga_vegso/Kodok/cortexuart/AT426-BU-98000-r0p1-00rel0/hardware/m3_for_arty_a7/m3_for_arty_a7/m3_for_arty_a7.xpr
INFO: [ProjectBase 1-489] The host OS only allows 260 characters in a normal path. The project is stored in a path with more than 80 characters. If you experience issues with IP, Block Designs, or files not being found, please consider moving the project to a location with a shorter path. Alternately consider using the OS subst command to map part of the path to a drive letter.
Current project path is 'C:/Users/kmironp/Desktop/Szakdoga_vegso/Kodok/cortexuart/AT426-BU-98000-r0p1-00rel0/hardware/m3_for_arty_a7/m3_for_arty_a7'
CRITICAL WARNING: [Project 1-19] Could not find the file 'C:/Users/kmironp/Desktop/Szakdoga_vegso/Kodok/cortexuart/AT426-BU-98000-r0p1-00rel0/hardware/m3_for_arty_a7/testbench/Micron_N25Q128A13E/code/N25Qxxx.v'.
CRITICAL WARNING: [Project 1-19] Could not find the file 'C:/Users/kmironp/Desktop/Szakdoga_vegso/Kodok/cortexuart/AT426-BU-98000-r0p1-00rel0/hardware/m3_for_arty_a7/testbench/S25fl128s/model/s25fl128s.v'.
CRITICAL WARNING: [Project 1-19] Could not find the file 'C:/Users/kmironp/Desktop/Szakdoga_vegso/Kodok/cortexuart/AT426-BU-98000-r0p1-00rel0/hardware/m3_for_arty_a7/testbench/sfdp.vmf'.
Scanning sources...
Finished scanning sources
WARNING: [filemgmt 56-3] IPUserFilesDir: Could not find the directory 'C:/Users/kmironp/Desktop/Szakdoga_vegso/Kodok/cortexuart/AT426-BU-98000-r0p1-00rel0/hardware/m3_for_arty_a7/m3_for_arty_a7/m3_for_arty_a7.ip_user_files'.
INFO: [IP_Flow 19-234] Refreshing IP repositories
INFO: [IP_Flow 19-1700] Loaded user IP repository 'c:/Users/kmironp/Desktop/Szakdoga_vegso/Kodok/cortexuart/AT426-BU-98000-r0p1-00rel0/vivado/Arm_ipi_repository'.
INFO: [IP_Flow 19-2313] Loaded Vivado IP repository 'C:/Xilinx/Vivado/2019.1/data/ip'.
open_project: Time (s): cpu = 00:00:13 ; elapsed = 00:00:07 . Memory (MB): peak = 771.414 ; gain = 119.438
update_compile_order -fileset sources_1
exit
INFO: [Common 17-206] Exiting Vivado at Thu Jan 11 13:34:48 2024...
