
*** Running vivado
    with args -log design_1_auto_pc_2.vds -m64 -product Vivado -mode batch -messageDb vivado.pb -notrace -source design_1_auto_pc_2.tcl


****** Vivado v2019.1 (64-bit)
  **** SW Build 2552052 on Fri May 24 14:49:42 MDT 2019
  **** IP Build 2548770 on Fri May 24 18:01:18 MDT 2019
    ** Copyright 1986-2019 Xilinx, Inc. All Rights Reserved.

source design_1_auto_pc_2.tcl -notrace
INFO: [IP_Flow 19-234] Refreshing IP repositories
INFO: [IP_Flow 19-1700] Loaded user IP repository 'v:/vivado/Arm_ipi_repository'.
INFO: [IP_Flow 19-2313] Loaded Vivado IP repository 'C:/Xilinx/Vivado/2019.1/data/ip'.
Command: synth_design -top design_1_auto_pc_2 -part xc7a35ticsg324-1L -mode out_of_context
Starting synth_design
Attempting to get a license for feature 'Synthesis' and/or device 'xc7a35ti'
INFO: [Common 17-349] Got license for feature 'Synthesis' and/or device 'xc7a35ti'
INFO: [Device 21-403] Loading part xc7a35ticsg324-1L
INFO: Launching helper process for spawning children vivado processes
INFO: Helper process launched with PID 11752 
---------------------------------------------------------------------------------
Starting RTL Elaboration : Time (s): cpu = 00:00:09 ; elapsed = 00:00:12 . Memory (MB): peak = 769.965 ; gain = 179.047
---------------------------------------------------------------------------------
INFO: [Synth 8-6157] synthesizing module 'design_1_auto_pc_2' [c:/Users/kmironp/Desktop/Szakdoga_vegso/Kodok/impm3/Scratch/Scratch.srcs/sources_1/bd/design_1/ip/design_1_auto_pc_2/synth/design_1_auto_pc_2.v:58]
INFO: [Synth 8-6157] synthesizing module 'axi_protocol_converter_v2_1_19_axi_protocol_converter' [c:/Users/kmironp/Desktop/Szakdoga_vegso/Kodok/impm3/Scratch/Scratch.srcs/sources_1/bd/design_1/ipshared/c83a/hdl/axi_protocol_converter_v2_1_vl_rfs.v:4808]
	Parameter C_FAMILY bound to: artix7 - type: string 
	Parameter C_M_AXI_PROTOCOL bound to: 0 - type: integer 
	Parameter C_S_AXI_PROTOCOL bound to: 1 - type: integer 
	Parameter C_IGNORE_ID bound to: 1 - type: integer 
	Parameter C_AXI_ID_WIDTH bound to: 1 - type: integer 
	Parameter C_AXI_ADDR_WIDTH bound to: 32 - type: integer 
	Parameter C_AXI_DATA_WIDTH bound to: 32 - type: integer 
	Parameter C_AXI_SUPPORTS_WRITE bound to: 1 - type: integer 
	Parameter C_AXI_SUPPORTS_READ bound to: 1 - type: integer 
	Parameter C_AXI_SUPPORTS_USER_SIGNALS bound to: 1 - type: integer 
	Parameter C_AXI_AWUSER_WIDTH bound to: 1 - type: integer 
	Parameter C_AXI_ARUSER_WIDTH bound to: 1 - type: integer 
	Parameter C_AXI_WUSER_WIDTH bound to: 1 - type: integer 
	Parameter C_AXI_RUSER_WIDTH bound to: 1 - type: integer 
	Parameter C_AXI_BUSER_WIDTH bound to: 1 - type: integer 
	Parameter C_TRANSLATION_MODE bound to: 2 - type: integer 
	Parameter P_AXI4 bound to: 0 - type: integer 
	Parameter P_AXI3 bound to: 1 - type: integer 
	Parameter P_AXILITE bound to: 2 - type: integer 
	Parameter P_AXILITE_SIZE bound to: 3'b010 
	Parameter P_INCR bound to: 2'b01 
	Parameter P_DECERR bound to: 2'b11 
	Parameter P_SLVERR bound to: 2'b10 
	Parameter P_PROTECTION bound to: 1 - type: integer 
	Parameter P_CONVERSION bound to: 2 - type: integer 
INFO: [Synth 8-6155] done synthesizing module 'axi_protocol_converter_v2_1_19_axi_protocol_converter' (1#1) [c:/Users/kmironp/Desktop/Szakdoga_vegso/Kodok/impm3/Scratch/Scratch.srcs/sources_1/bd/design_1/ipshared/c83a/hdl/axi_protocol_converter_v2_1_vl_rfs.v:4808]
INFO: [Synth 8-6155] done synthesizing module 'design_1_auto_pc_2' (2#1) [c:/Users/kmironp/Desktop/Szakdoga_vegso/Kodok/impm3/Scratch/Scratch.srcs/sources_1/bd/design_1/ip/design_1_auto_pc_2/synth/design_1_auto_pc_2.v:58]
WARNING: [Synth 8-3331] design axi_protocol_converter_v2_1_19_axi_protocol_converter has unconnected port aclk
WARNING: [Synth 8-3331] design axi_protocol_converter_v2_1_19_axi_protocol_converter has unconnected port aresetn
WARNING: [Synth 8-3331] design axi_protocol_converter_v2_1_19_axi_protocol_converter has unconnected port s_axi_awlock[1]
WARNING: [Synth 8-3331] design axi_protocol_converter_v2_1_19_axi_protocol_converter has unconnected port s_axi_awregion[3]
WARNING: [Synth 8-3331] design axi_protocol_converter_v2_1_19_axi_protocol_converter has unconnected port s_axi_awregion[2]
WARNING: [Synth 8-3331] design axi_protocol_converter_v2_1_19_axi_protocol_converter has unconnected port s_axi_awregion[1]
WARNING: [Synth 8-3331] design axi_protocol_converter_v2_1_19_axi_protocol_converter has unconnected port s_axi_awregion[0]
WARNING: [Synth 8-3331] design axi_protocol_converter_v2_1_19_axi_protocol_converter has unconnected port s_axi_wid[0]
WARNING: [Synth 8-3331] design axi_protocol_converter_v2_1_19_axi_protocol_converter has unconnected port s_axi_arlock[1]
WARNING: [Synth 8-3331] design axi_protocol_converter_v2_1_19_axi_protocol_converter has unconnected port s_axi_arregion[3]
WARNING: [Synth 8-3331] design axi_protocol_converter_v2_1_19_axi_protocol_converter has unconnected port s_axi_arregion[2]
WARNING: [Synth 8-3331] design axi_protocol_converter_v2_1_19_axi_protocol_converter has unconnected port s_axi_arregion[1]
WARNING: [Synth 8-3331] design axi_protocol_converter_v2_1_19_axi_protocol_converter has unconnected port s_axi_arregion[0]
---------------------------------------------------------------------------------
Finished RTL Elaboration : Time (s): cpu = 00:00:44 ; elapsed = 00:00:53 . Memory (MB): peak = 942.801 ; gain = 351.883
---------------------------------------------------------------------------------

Report Check Netlist: 
+------+------------------+-------+---------+-------+------------------+
|      |Item              |Errors |Warnings |Status |Description       |
+------+------------------+-------+---------+-------+------------------+
|1     |multi_driven_nets |      0|        0|Passed |Multi driven nets |
+------+------------------+-------+---------+-------+------------------+
---------------------------------------------------------------------------------
Start Handling Custom Attributes
---------------------------------------------------------------------------------
---------------------------------------------------------------------------------
Finished Handling Custom Attributes : Time (s): cpu = 00:00:44 ; elapsed = 00:00:53 . Memory (MB): peak = 942.801 ; gain = 351.883
---------------------------------------------------------------------------------
---------------------------------------------------------------------------------
Finished RTL Optimization Phase 1 : Time (s): cpu = 00:00:44 ; elapsed = 00:00:53 . Memory (MB): peak = 942.801 ; gain = 351.883
---------------------------------------------------------------------------------
INFO: [Project 1-570] Preparing netlist for logic optimization

Processing XDC Constraints
Initializing timing engine
WARNING: [Designutils 20-1758] instance inst wraps a black box. Constraint reading is skipped for elaborated designs in this case. Skipping constraint file 'c:/Users/kmironp/Desktop/Szakdoga_vegso/Kodok/impm3/Scratch/Scratch.srcs/sources_1/bd/design_1/ip/design_1_auto_pc_2/design_1_auto_pc_2_ooc.xdc'.
Parsing XDC File [C:/Users/kmironp/Desktop/Szakdoga_vegso/Kodok/impm3/Scratch/Scratch.runs/design_1_auto_pc_2_synth_1/dont_touch.xdc]
Finished Parsing XDC File [C:/Users/kmironp/Desktop/Szakdoga_vegso/Kodok/impm3/Scratch/Scratch.runs/design_1_auto_pc_2_synth_1/dont_touch.xdc]
Completed Processing XDC Constraints

Netlist sorting complete. Time (s): cpu = 00:00:00 ; elapsed = 00:00:00 . Memory (MB): peak = 942.801 ; gain = 0.000
INFO: [Project 1-111] Unisim Transformation Summary:
No Unisim elements were transformed.

Constraint Validation Runtime : Time (s): cpu = 00:00:00 ; elapsed = 00:00:00.029 . Memory (MB): peak = 942.801 ; gain = 0.000
---------------------------------------------------------------------------------
Finished Constraint Validation : Time (s): cpu = 00:00:50 ; elapsed = 00:01:00 . Memory (MB): peak = 942.801 ; gain = 351.883
---------------------------------------------------------------------------------
---------------------------------------------------------------------------------
Start Loading Part and Timing Information
---------------------------------------------------------------------------------
Loading part: xc7a35ticsg324-1L
---------------------------------------------------------------------------------
Finished Loading Part and Timing Information : Time (s): cpu = 00:00:50 ; elapsed = 00:01:00 . Memory (MB): peak = 942.801 ; gain = 351.883
---------------------------------------------------------------------------------
---------------------------------------------------------------------------------
Start Applying 'set_property' XDC Constraints
---------------------------------------------------------------------------------
Applied set_property DONT_TOUCH = true for inst. (constraint file  C:/Users/kmironp/Desktop/Szakdoga_vegso/Kodok/impm3/Scratch/Scratch.runs/design_1_auto_pc_2_synth_1/dont_touch.xdc, line 9).
---------------------------------------------------------------------------------
Finished applying 'set_property' XDC Constraints : Time (s): cpu = 00:00:50 ; elapsed = 00:01:00 . Memory (MB): peak = 942.801 ; gain = 351.883
---------------------------------------------------------------------------------
---------------------------------------------------------------------------------
Finished RTL Optimization Phase 2 : Time (s): cpu = 00:00:50 ; elapsed = 00:01:00 . Memory (MB): peak = 942.801 ; gain = 351.883
---------------------------------------------------------------------------------

Report RTL Partitions: 
+-+--------------+------------+----------+
| |RTL Partition |Replication |Instances |
+-+--------------+------------+----------+
+-+--------------+------------+----------+
---------------------------------------------------------------------------------
Start RTL Component Statistics 
---------------------------------------------------------------------------------
Detailed RTL Component Info : 
---------------------------------------------------------------------------------
Finished RTL Component Statistics 
---------------------------------------------------------------------------------
---------------------------------------------------------------------------------
Start RTL Hierarchical Component Statistics 
---------------------------------------------------------------------------------
Hierarchical RTL Component report 
---------------------------------------------------------------------------------
Finished RTL Hierarchical Component Statistics
---------------------------------------------------------------------------------
---------------------------------------------------------------------------------
Start Part Resource Summary
---------------------------------------------------------------------------------
Part Resources:
DSPs: 90 (col length:60)
BRAMs: 100 (col length: RAMB18 60 RAMB36 30)
---------------------------------------------------------------------------------
Finished Part Resource Summary
---------------------------------------------------------------------------------
---------------------------------------------------------------------------------
Start Cross Boundary and Area Optimization
---------------------------------------------------------------------------------
Warning: Parallel synthesis criteria is not met 
WARNING: [Synth 8-3331] design axi_protocol_converter_v2_1_19_axi_protocol_converter has unconnected port aclk
WARNING: [Synth 8-3331] design axi_protocol_converter_v2_1_19_axi_protocol_converter has unconnected port aresetn
WARNING: [Synth 8-3331] design axi_protocol_converter_v2_1_19_axi_protocol_converter has unconnected port s_axi_awlock[1]
WARNING: [Synth 8-3331] design axi_protocol_converter_v2_1_19_axi_protocol_converter has unconnected port s_axi_awregion[3]
WARNING: [Synth 8-3331] design axi_protocol_converter_v2_1_19_axi_protocol_converter has unconnected port s_axi_awregion[2]
WARNING: [Synth 8-3331] design axi_protocol_converter_v2_1_19_axi_protocol_converter has unconnected port s_axi_awregion[1]
WARNING: [Synth 8-3331] design axi_protocol_converter_v2_1_19_axi_protocol_converter has unconnected port s_axi_awregion[0]
WARNING: [Synth 8-3331] design axi_protocol_converter_v2_1_19_axi_protocol_converter has unconnected port s_axi_wid[0]
WARNING: [Synth 8-3331] design axi_protocol_converter_v2_1_19_axi_protocol_converter has unconnected port s_axi_arlock[1]
WARNING: [Synth 8-3331] design axi_protocol_converter_v2_1_19_axi_protocol_converter has unconnected port s_axi_arregion[3]
WARNING: [Synth 8-3331] design axi_protocol_converter_v2_1_19_axi_protocol_converter has unconnected port s_axi_arregion[2]
WARNING: [Synth 8-3331] design axi_protocol_converter_v2_1_19_axi_protocol_converter has unconnected port s_axi_arregion[1]
WARNING: [Synth 8-3331] design axi_protocol_converter_v2_1_19_axi_protocol_converter has unconnected port s_axi_arregion[0]
---------------------------------------------------------------------------------
Finished Cross Boundary and Area Optimization : Time (s): cpu = 00:00:51 ; elapsed = 00:01:02 . Memory (MB): peak = 942.801 ; gain = 351.883
---------------------------------------------------------------------------------

Report RTL Partitions: 
+-+--------------+------------+----------+
| |RTL Partition |Replication |Instances |
+-+--------------+------------+----------+
+-+--------------+------------+----------+
---------------------------------------------------------------------------------
Start Applying XDC Timing Constraints
---------------------------------------------------------------------------------
---------------------------------------------------------------------------------
Finished Applying XDC Timing Constraints : Time (s): cpu = 00:01:00 ; elapsed = 00:01:11 . Memory (MB): peak = 942.801 ; gain = 351.883
---------------------------------------------------------------------------------
---------------------------------------------------------------------------------
Start Timing Optimization
---------------------------------------------------------------------------------
---------------------------------------------------------------------------------
Finished Timing Optimization : Time (s): cpu = 00:01:00 ; elapsed = 00:01:11 . Memory (MB): peak = 942.801 ; gain = 351.883
---------------------------------------------------------------------------------

Report RTL Partitions: 
+-+--------------+------------+----------+
| |RTL Partition |Replication |Instances |
+-+--------------+------------+----------+
+-+--------------+------------+----------+
---------------------------------------------------------------------------------
Start Technology Mapping
---------------------------------------------------------------------------------
---------------------------------------------------------------------------------
Finished Technology Mapping : Time (s): cpu = 00:01:00 ; elapsed = 00:01:11 . Memory (MB): peak = 942.801 ; gain = 351.883
---------------------------------------------------------------------------------

Report RTL Partitions: 
+-+--------------+------------+----------+
| |RTL Partition |Replication |Instances |
+-+--------------+------------+----------+
+-+--------------+------------+----------+
---------------------------------------------------------------------------------
Start IO Insertion
---------------------------------------------------------------------------------
---------------------------------------------------------------------------------
Start Flattening Before IO Insertion
---------------------------------------------------------------------------------
---------------------------------------------------------------------------------
Finished Flattening Before IO Insertion
---------------------------------------------------------------------------------
---------------------------------------------------------------------------------
Start Final Netlist Cleanup
---------------------------------------------------------------------------------
---------------------------------------------------------------------------------
Finished Final Netlist Cleanup
---------------------------------------------------------------------------------
---------------------------------------------------------------------------------
Finished IO Insertion : Time (s): cpu = 00:01:02 ; elapsed = 00:01:14 . Memory (MB): peak = 942.801 ; gain = 351.883
---------------------------------------------------------------------------------

Report Check Netlist: 
+------+------------------+-------+---------+-------+------------------+
|      |Item              |Errors |Warnings |Status |Description       |
+------+------------------+-------+---------+-------+------------------+
|1     |multi_driven_nets |      0|        0|Passed |Multi driven nets |
+------+------------------+-------+---------+-------+------------------+
---------------------------------------------------------------------------------
Start Renaming Generated Instances
---------------------------------------------------------------------------------
---------------------------------------------------------------------------------
Finished Renaming Generated Instances : Time (s): cpu = 00:01:02 ; elapsed = 00:01:14 . Memory (MB): peak = 942.801 ; gain = 351.883
---------------------------------------------------------------------------------

Report RTL Partitions: 
+-+--------------+------------+----------+
| |RTL Partition |Replication |Instances |
+-+--------------+------------+----------+
+-+--------------+------------+----------+
---------------------------------------------------------------------------------
Start Rebuilding User Hierarchy
---------------------------------------------------------------------------------
---------------------------------------------------------------------------------
Finished Rebuilding User Hierarchy : Time (s): cpu = 00:01:02 ; elapsed = 00:01:14 . Memory (MB): peak = 942.801 ; gain = 351.883
---------------------------------------------------------------------------------
---------------------------------------------------------------------------------
Start Renaming Generated Ports
---------------------------------------------------------------------------------
---------------------------------------------------------------------------------
Finished Renaming Generated Ports : Time (s): cpu = 00:01:02 ; elapsed = 00:01:14 . Memory (MB): peak = 942.801 ; gain = 351.883
---------------------------------------------------------------------------------
---------------------------------------------------------------------------------
Start Handling Custom Attributes
---------------------------------------------------------------------------------
---------------------------------------------------------------------------------
Finished Handling Custom Attributes : Time (s): cpu = 00:01:02 ; elapsed = 00:01:14 . Memory (MB): peak = 942.801 ; gain = 351.883
---------------------------------------------------------------------------------
---------------------------------------------------------------------------------
Start Renaming Generated Nets
---------------------------------------------------------------------------------
---------------------------------------------------------------------------------
Finished Renaming Generated Nets : Time (s): cpu = 00:01:02 ; elapsed = 00:01:14 . Memory (MB): peak = 942.801 ; gain = 351.883
---------------------------------------------------------------------------------
---------------------------------------------------------------------------------
Start Writing Synthesis Report
---------------------------------------------------------------------------------

Report BlackBoxes: 
+-+--------------+----------+
| |BlackBox name |Instances |
+-+--------------+----------+
+-+--------------+----------+

Report Cell Usage: 
+-+-----+------+
| |Cell |Count |
+-+-----+------+
+-+-----+------+

Report Instance Areas: 
+------+---------+------------------------------------------------------+------+
|      |Instance |Module                                                |Cells |
+------+---------+------------------------------------------------------+------+
|1     |top      |                                                      |     0|
|2     |  inst   |axi_protocol_converter_v2_1_19_axi_protocol_converter |     0|
+------+---------+------------------------------------------------------+------+
---------------------------------------------------------------------------------
Finished Writing Synthesis Report : Time (s): cpu = 00:01:02 ; elapsed = 00:01:14 . Memory (MB): peak = 942.801 ; gain = 351.883
---------------------------------------------------------------------------------
Synthesis finished with 0 errors, 0 critical warnings and 13 warnings.
Synthesis Optimization Runtime : Time (s): cpu = 00:00:16 ; elapsed = 00:01:12 . Memory (MB): peak = 942.801 ; gain = 351.883
Synthesis Optimization Complete : Time (s): cpu = 00:01:02 ; elapsed = 00:01:14 . Memory (MB): peak = 942.801 ; gain = 351.883
INFO: [Project 1-571] Translating synthesized netlist
INFO: [Project 1-570] Preparing netlist for logic optimization
INFO: [Opt 31-138] Pushed 0 inverter(s) to 0 load pin(s).
Netlist sorting complete. Time (s): cpu = 00:00:00 ; elapsed = 00:00:00 . Memory (MB): peak = 953.910 ; gain = 0.000
INFO: [Project 1-111] Unisim Transformation Summary:
No Unisim elements were transformed.

INFO: [Common 17-83] Releasing license: Synthesis
16 Infos, 27 Warnings, 0 Critical Warnings and 0 Errors encountered.
synth_design completed successfully
synth_design: Time (s): cpu = 00:01:08 ; elapsed = 00:01:21 . Memory (MB): peak = 958.930 ; gain = 611.496
Netlist sorting complete. Time (s): cpu = 00:00:00 ; elapsed = 00:00:00 . Memory (MB): peak = 958.930 ; gain = 0.000
WARNING: [Constraints 18-5210] No constraints selected for write.
Resolution: This message can indicate that there are no constraints for the design, or it can indicate that the used_in flags are set such that the constraints are ignored. This later case is used when running synth_design to not write synthesis constraints to the resulting checkpoint. Instead, project constraints are read when the synthesized design is opened.
INFO: [Common 17-1381] The checkpoint 'C:/Users/kmironp/Desktop/Szakdoga_vegso/Kodok/impm3/Scratch/Scratch.runs/design_1_auto_pc_2_synth_1/design_1_auto_pc_2.dcp' has been generated.
WARNING: [Common 17-576] 'use_project_ipc' is deprecated. This option is deprecated and no longer used.
INFO: [Coretcl 2-1648] Added synthesis output to IP cache for IP design_1_auto_pc_2, cache-ID = bbdfad5fad94d248
Netlist sorting complete. Time (s): cpu = 00:00:00 ; elapsed = 00:00:00 . Memory (MB): peak = 958.930 ; gain = 0.000
WARNING: [Constraints 18-5210] No constraints selected for write.
Resolution: This message can indicate that there are no constraints for the design, or it can indicate that the used_in flags are set such that the constraints are ignored. This later case is used when running synth_design to not write synthesis constraints to the resulting checkpoint. Instead, project constraints are read when the synthesized design is opened.
INFO: [Common 17-1381] The checkpoint 'C:/Users/kmironp/Desktop/Szakdoga_vegso/Kodok/impm3/Scratch/Scratch.runs/design_1_auto_pc_2_synth_1/design_1_auto_pc_2.dcp' has been generated.
INFO: [runtcl-4] Executing : report_utilization -file design_1_auto_pc_2_utilization_synth.rpt -pb design_1_auto_pc_2_utilization_synth.pb
INFO: [Common 17-206] Exiting Vivado at Thu Jan 18 17:29:14 2024...
