17:49:21 INFO  : Registering command handlers for SDK TCF services
17:49:22 INFO  : Launching XSCT server: xsct.bat -interactive C:\Users\kmironp\Desktop\Szakdoga_vegso\Kodok\impm3\Scratch\Scratch.sdk\temp_xsdb_launch_script.tcl
17:49:26 INFO  : XSCT server has started successfully.
17:49:30 INFO  : Successfully done setting XSCT server connection channel  
17:49:30 INFO  : Successfully done setting SDK workspace  
17:49:30 INFO  : Restoring global repository preferences: 
		 V:\vivado\Arm_sw_repository
		 C:\Users\kmironp\Desktop\Szakdoga_vegso\Kodok\implementingM1\IPs
17:49:30 INFO  : Processing command line option -hwspec C:/Users/kmironp/Desktop/Szakdoga_vegso/Kodok/impm3/Scratch/Scratch.sdk/design_1_wrapper.hdf.
17:50:46 INFO  : Launching XSCT server: xsct.bat -interactive C:\Users\kmironp\Desktop\Szakdoga_vegso\Kodok\impm3\Scratch\Scratch.sdk\temp_xsdb_launch_script.tcl
17:50:49 INFO  : XSCT server has started successfully.
17:50:52 INFO  : Successfully done setting XSCT server connection channel  
17:50:52 INFO  : Successfully done setting SDK workspace  
17:50:53 INFO  : Registering command handlers for SDK TCF services
17:50:55 INFO  : Restoring global repository preferences: 
		 V:\vivado\Arm_sw_repository
		 C:\Users\kmironp\Desktop\Szakdoga_vegso\Kodok\implementingM1\IPs
17:50:55 INFO  : Processing command line option -hwspec C:/Users/kmironp/Desktop/Szakdoga_vegso/Kodok/impm3/Scratch/Scratch.sdk/design_1_wrapper.hdf.
17:50:55 INFO  : Checking for hwspec changes in the project design_1_wrapper_hw_platform_0.
17:53:19 ERROR : (XSDB Server)ERROR: [Hsi 55-1545] Problem running tcl command ::sw_standalone_v7_0::generate : ERROR: processor CORTEXM3_AXI is not supported
    while executing
"error "ERROR: processor $proctype is not supported""
    (procedure "::sw_standalone_v7_0::generate" line 344)
    invoked from within
"::sw_standalone_v7_0::generate standalone"
ERROR: [Hsi 55-1442] Error(s) while running TCL procedure generate()

17:53:19 ERROR : (XSDB Server)ERROR: [Hsi 55-1450] Error: running generate_bsp.

17:53:20 ERROR : Error generating bsp sources: Failed in generating sources
17:54:03 INFO  : Launching XSCT server: xsct.bat -interactive C:\Users\kmironp\Desktop\Szakdoga_vegso\Kodok\impm3\Scratch\Scratch.sdk\temp_xsdb_launch_script.tcl
17:54:06 INFO  : XSCT server has started successfully.
17:54:09 INFO  : Successfully done setting XSCT server connection channel  
17:54:09 INFO  : Successfully done setting SDK workspace  
17:54:10 INFO  : Registering command handlers for SDK TCF services
17:54:12 INFO  : Restoring global repository preferences: 
		 V:\vivado\Arm_sw_repository
		 C:\Users\kmironp\Desktop\Szakdoga_vegso\Kodok\implementingM1\IPs
17:54:12 INFO  : Processing command line option -hwspec C:/Users/kmironp/Desktop/Szakdoga_vegso/Kodok/impm3/Scratch/Scratch.sdk/design_1_wrapper.hdf.
17:54:12 INFO  : Checking for hwspec changes in the project design_1_wrapper_hw_platform_0.
17:54:12 INFO  : SDK has detected change in the last modified timestamps for source hardware specification file Source:1705510432564,  Project:1705509933811
17:54:12 INFO  : The hardware specification for project 'design_1_wrapper_hw_platform_0' is different from C:/Users/kmironp/Desktop/Szakdoga_vegso/Kodok/impm3/Scratch/Scratch.sdk/design_1_wrapper.hdf.
17:54:12 INFO  : Copied contents of C:/Users/kmironp/Desktop/Szakdoga_vegso/Kodok/impm3/Scratch/Scratch.sdk/design_1_wrapper.hdf into \design_1_wrapper_hw_platform_0\system.hdf.
17:54:12 INFO  : Synchronizing projects in the workspace with the hardware platform specification changes.
17:54:12 INFO  : Clearing existing target manager status.
17:54:12 INFO  : Workspace synchronized with the new hardware specification file. Cleaning dependent projects...
17:54:12 WARN  : Linker script will not be updated automatically. Users need to update it manually.
18:01:11 INFO  : Registering command handlers for SDK TCF services
18:01:12 INFO  : Launching XSCT server: xsct.bat -interactive C:\Users\kmironp\Desktop\Szakdoga_vegso\Kodok\impm3\Scratch\Scratch.sdk\temp_xsdb_launch_script.tcl
18:01:16 INFO  : XSCT server has started successfully.
18:01:16 INFO  : Successfully done setting XSCT server connection channel  
18:01:16 INFO  : Successfully done setting SDK workspace  
18:01:16 INFO  : Restoring global repository preferences: 
		 V:\vivado\Arm_sw_repository
		 C:\Users\kmironp\Desktop\Szakdoga_vegso\Kodok\implementingM1\IPs
18:01:16 INFO  : Processing command line option -hwspec C:/Users/kmironp/Desktop/Szakdoga_vegso/Kodok/impm3/Scratch/Scratch.sdk/design_1_wrapper.hdf.
18:01:16 INFO  : Checking for hwspec changes in the project design_1_wrapper_hw_platform_0.
18:01:19 INFO  : SDK has detected change in the last modified timestamps for source hardware specification file Source:1705509933811,  Project:1705510432564
18:01:19 INFO  : The hardware specification for project 'design_1_wrapper_hw_platform_0' is different from C:/Users/kmironp/Desktop/Szakdoga_vegso/Kodok/impm3/Scratch/Scratch.sdk/design_1_wrapper.hdf.
18:01:19 INFO  : Copied contents of C:/Users/kmironp/Desktop/Szakdoga_vegso/Kodok/impm3/Scratch/Scratch.sdk/design_1_wrapper.hdf into \design_1_wrapper_hw_platform_0\system.hdf.
18:01:20 INFO  : Synchronizing projects in the workspace with the hardware platform specification changes.
18:01:22 INFO  : 
18:01:22 INFO  : Clearing existing target manager status.
18:01:44 INFO  : Connected to target on host '127.0.0.1' and port '3121'.
18:01:44 INFO  : 'targets -set -filter {jtag_cable_name =~ "Digilent Arty 210319A2899EA" && level==0} -index 0' command is executed.
18:01:45 INFO  : FPGA configured successfully with bitstream "C:/Users/kmironp/Desktop/Szakdoga_vegso/Kodok/impm3/Scratch/Scratch.sdk/design_1_wrapper_hw_platform_0/design_1_wrapper.bit"
18:04:11 INFO  : Connected to target on host '127.0.0.1' and port '3121'.
18:12:42 INFO  : Connected to target on host '127.0.0.1' and port '3121'.
18:12:42 INFO  : 'targets -set -filter {jtag_cable_name =~ "Digilent Arty 210319A2899EA" && level==0} -index 0' command is executed.
18:12:43 INFO  : FPGA configured successfully with bitstream "C:/Users/kmironp/Desktop/Szakdoga_vegso/Kodok/impm3/Scratch/Scratch.sdk/design_1_wrapper_hw_platform_0/design_1_wrapper.bit"
18:13:34 INFO  : CPU Number not found for processor CORTEXM3_AXI_0, defaulting to 0 
18:13:34 INFO  : Connected to target on host '127.0.0.1' and port '3121'.
18:13:34 WARN  : SDK version '2019.1' doesn't match hw_server version '2022.2'. Some debug features may not work.
18:13:36 INFO  : Jtag cable 'Digilent Arty 210319A2899EA' is selected.
18:13:36 INFO  : 'jtag frequency' command is executed.
18:13:36 INFO  : 'targets -set -filter {jtag_cable_name =~ "Digilent Arty 210319A2899EA" && level==0} -index 0' command is executed.
18:13:38 INFO  : FPGA configured successfully with bitstream "C:/Users/kmironp/Desktop/Szakdoga_vegso/Kodok/impm3/Scratch/Scratch.sdk/design_1_wrapper_hw_platform_0/design_1_wrapper.bit"
18:13:38 INFO  : ----------------XSDB Script----------------
connect -url tcp:127.0.0.1:3121
targets -set -filter {jtag_cable_name =~ "Digilent Arty 210319A2899EA" && level==0} -index 0
fpga -file C:/Users/kmironp/Desktop/Szakdoga_vegso/Kodok/impm3/Scratch/Scratch.sdk/design_1_wrapper_hw_platform_0/design_1_wrapper.bit
----------------End of Script----------------

18:13:38 INFO  : Launch script is exported to file 'C:\Users\kmironp\Desktop\Szakdoga_vegso\Kodok\impm3\Scratch\Scratch.sdk\.sdk\launch_scripts\xilinx_c-c++_application_(system_debugger)\system_debugger_using_debug_hello.elf_on_linux_agent.tcl'
18:13:53 INFO  : Connected to target on host '127.0.0.1' and port '3121'.
18:13:53 INFO  : 'targets -set -filter {jtag_cable_name =~ "Digilent Arty 210319A2899EA" && level==0} -index 0' command is executed.
18:13:55 INFO  : FPGA configured successfully with bitstream "C:/Users/kmironp/Desktop/Szakdoga_vegso/Kodok/impm3/Scratch/Scratch.sdk/design_1_wrapper_hw_platform_0/design_1_wrapper.bit"
