Copyright 1986-2022 Xilinx, Inc. All Rights Reserved.
-----------------------------------------------------------------------------------------------------------------------------------------------
| Tool Version : Vivado v.2022.2 (win64) Build 3671981 Fri Oct 14 05:00:03 MDT 2022
| Date         : Sun Oct  8 10:34:16 2023
| Host         : DESKTOP-1PFU4II running 64-bit major release  (build 9200)
| Command      : report_methodology -file top_methodology_drc_routed.rpt -pb top_methodology_drc_routed.pb -rpx top_methodology_drc_routed.rpx
| Design       : top
| Device       : xc7a35ticsg324-1L
| Speed File   : -1L
| Design State : Fully Routed
-----------------------------------------------------------------------------------------------------------------------------------------------

Report Methodology

Table of Contents
-----------------
1. REPORT SUMMARY
2. REPORT DETAILS

1. REPORT SUMMARY
-----------------
            Netlist: netlist
          Floorplan: design_1
      Design limits: <entire design considered>
             Max violations: <unlimited>
             Violations found: 8
+-----------+----------+-------------------------------+------------+
| Rule      | Severity | Description                   | Violations |
+-----------+----------+-------------------------------+------------+
| TIMING-18 | Warning  | Missing input or output delay | 8          |
+-----------+----------+-------------------------------+------------+

2. REPORT DETAILS
-----------------
TIMING-18#1 Warning
Missing input or output delay  
An output delay is missing on led_main_g relative to clock(s) clk_100m
Related violations: <none>

TIMING-18#2 Warning
Missing input or output delay  
An output delay is missing on led_main_r relative to clock(s) clk_100m
Related violations: <none>

TIMING-18#3 Warning
Missing input or output delay  
An output delay is missing on led_side_g relative to clock(s) clk_100m
Related violations: <none>

TIMING-18#4 Warning
Missing input or output delay  
An output delay is missing on led_side_r relative to clock(s) clk_100m
Related violations: <none>

TIMING-18#5 Warning
Missing input or output delay  
An output delay is missing on led_walk_main_g relative to clock(s) clk_100m
Related violations: <none>

TIMING-18#6 Warning
Missing input or output delay  
An output delay is missing on led_walk_main_r relative to clock(s) clk_100m
Related violations: <none>

TIMING-18#7 Warning
Missing input or output delay  
An output delay is missing on led_walk_side_g relative to clock(s) clk_100m
Related violations: <none>

TIMING-18#8 Warning
Missing input or output delay  
An output delay is missing on led_walk_side_r relative to clock(s) clk_100m
Related violations: <none>


